# gunzip -c /Users/shreya/Documents/kaldi/egs/gentle/data/tdnn_7b_chain_online/decode/depth_stats_tmp.*.gz | steps/diagnostic/analyze_lattice_depth_stats.py /Users/shreya/Documents/kaldi/egs/gentle/data/tdnn_7b_chain_online/graph_pp 
# Started at Mon Jul 29 16:30:15 PDT 2019
#
The total amount of data analyzed assuming 100 frames per second is 0.0 hours
Overall, lattice depth (10,50,90-percentile)=(1,2,5) and mean=2.3
Nonsilence phones as a group account for 61.4% of frames, with lattice depth (10,50,90-percentile)=(1,1,5) and mean=2.3
Phone SIL accounts for 31.7% of frames, with lattice depth (10,50,90-percentile)=(1,1,3) and mean=2.0
Phone SPN_S accounts for 6.9% of frames, with lattice depth (10,50,90-percentile)=(3,5,5) and mean=4.2
Phone je_I accounts for 5.8% of frames, with lattice depth (10,50,90-percentile)=(1,3,3) and mean=2.6
Phone i_I accounts for 5.3% of frames, with lattice depth (10,50,90-percentile)=(1,1,5) and mean=2.5
Phone s_I accounts for 4.3% of frames, with lattice depth (10,50,90-percentile)=(1,2,5) and mean=2.7
Phone a_B accounts for 4.1% of frames, with lattice depth (10,50,90-percentile)=(1,1,3) and mean=1.5
Phone n_I accounts for 4.1% of frames, with lattice depth (10,50,90-percentile)=(1,1,5) and mean=2.2
Phone ay_I accounts for 3.5% of frames, with lattice depth (10,50,90-percentile)=(1,1,5) and mean=1.9
Phone t_E accounts for 3.2% of frames, with lattice depth (10,50,90-percentile)=(1,1,5) and mean=2.1
Phone r_I accounts for 3.0% of frames, with lattice depth (10,50,90-percentile)=(3,5,5) and mean=4.3
Phone k_I accounts for 2.9% of frames, with lattice depth (10,50,90-percentile)=(1,1,1) and mean=1.0
Phone aa_I accounts for 2.7% of frames, with lattice depth (10,50,90-percentile)=(1,3,3) and mean=2.3
Phone dd_I accounts for 2.2% of frames, with lattice depth (10,50,90-percentile)=(1,3,5) and mean=3.3
Phone a_I accounts for 2.1% of frames, with lattice depth (10,50,90-percentile)=(1,3,5) and mean=2.7
Phone rr_I accounts for 2.0% of frames, with lattice depth (10,50,90-percentile)=(1,2,5) and mean=2.8
Phone mm_I accounts for 1.8% of frames, with lattice depth (10,50,90-percentile)=(1,1,1) and mean=1.0
Phone t_I accounts for 1.7% of frames, with lattice depth (10,50,90-percentile)=(1,1,1) and mean=1.2
Phone ch_I accounts for 1.6% of frames, with lattice depth (10,50,90-percentile)=(1,1,3) and mean=2.3
Phone ll_I accounts for 1.5% of frames, with lattice depth (10,50,90-percentile)=(1,3,5) and mean=3.2
Phone y_E accounts for 1.5% of frames, with lattice depth (10,50,90-percentile)=(1,1,1) and mean=1.3
Phone b_I accounts for 1.3% of frames, with lattice depth (10,50,90-percentile)=(1,3,5) and mean=3.0
Phone p_I accounts for 1.3% of frames, with lattice depth (10,50,90-percentile)=(1,1,5) and mean=2.0
Phone k_B accounts for 1.2% of frames, with lattice depth (10,50,90-percentile)=(2,3,5) and mean=3.5
Phone zz_I accounts for 1.2% of frames, with lattice depth (10,50,90-percentile)=(1,1,3) and mean=1.4
Phone j_E accounts for 1.0% of frames, with lattice depth (10,50,90-percentile)=(1,1,3) and mean=1.4
Phone ay_E accounts for 0.8% of frames, with lattice depth (10,50,90-percentile)=(1,2,2) and mean=1.6
Phone g_B accounts for 0.7% of frames, with lattice depth (10,50,90-percentile)=(1,1,3) and mean=1.6
# Accounting: time=0 threads=1
# Ended (code 0) at Mon Jul 29 16:30:15 PDT 2019, elapsed time 0 seconds
